Alternatively use a keyword field instead( 1 ).
	at org.elasticsearch.index.mapper.TextFieldMapper$TextFieldType.fielddataBuilder(TextFieldMapper.java:760) ~[elasticsearch-7.6.0.jar:7.6.0]
	at org.elasticsearch.index.fielddata.IndexFieldDataService.getForField(IndexFieldDataService.java:116) ~[elasticsearch-7.6.0.jar:7.6.0]
	at org.elasticsearch.index.query.QueryShardContext.getForField(QueryShardContext.java:212) ~[elasticsearch-7.6.0.jar:7.6.0]
	at org.elasticsearch.search.sort.FieldSortBuilder.build(FieldSortBuilder.java:434) ~[elasticsearch-7.6.0.jar:7.6.0]
	at org.elasticsearch.search.sort.SortBuilder.buildSort(SortBuilder.java:153) ~[elasticsearch-7.6.0.jar:7.6.0]
	at org.elasticsearch.search.SearchService.parseSource(SearchService.java:767) ~[elasticsearch-7.6.0.jar:7.6.0]
	at org.elasticsearch.search.SearchService.createContext(SearchService.java:591) ~[elasticsearch-7.6.0.jar:7.6.0]
	at org.elasticsearch.search.SearchService.createAndPutContext(SearchService.java:550) ~[elasticsearch-7.6.0.jar:7.6.0]
	at org.elasticsearch.search.SearchService.executeQueryPhase(SearchService.java:351) ~[elasticsearch-7.6.0.jar:7.6.0]
	at org.elasticsearch.search.SearchService.lambda$executeQueryPhase$1(SearchService.java:343) ~[elasticsearch-7.6.0.jar:7.6.0]
	at org.elasticsearch.action.ActionListener.lambda$map$2(ActionListener.java:146) ~[elasticsearch-7.6.0.jar:7.6.0]
	at org.elasticsearch.action.ActionListener$1.onResponse(ActionListener.java:63) ~[elasticsearch-7.6.0.jar:7.6.0]
	... 9 more
Alternatively use a keyword field instead( 2 ).
	at org.elasticsearch.index.mapper.TextFieldMapper$TextFieldType.fielddataBuilder(TextFieldMapper.java:760) ~[elasticsearch-7.6.0.jar:7.6.0]
	at org.elasticsearch.index.fielddata.IndexFieldDataService.getForField(IndexFieldDataService.java:116) ~[elasticsearch-7.6.0.jar:7.6.0]
	at org.elasticsearch.index.query.QueryShardContext.getForField(QueryShardContext.java:212) ~[elasticsearch-7.6.0.jar:7.6.0]
	at org.elasticsearch.search.sort.FieldSortBuilder.build(FieldSortBuilder.java:434) ~[elasticsearch-7.6.0.jar:7.6.0]
	at org.elasticsearch.search.sort.SortBuilder.buildSort(SortBuilder.java:153) ~[elasticsearch-7.6.0.jar:7.6.0]
	at org.elasticsearch.search.SearchService.parseSource(SearchService.java:767) ~[elasticsearch-7.6.0.jar:7.6.0]
	at org.elasticsearch.search.SearchService.createContext(SearchService.java:591) ~[elasticsearch-7.6.0.jar:7.6.0]
	at org.elasticsearch.search.SearchService.createAndPutContext(SearchService.java:550) ~[elasticsearch-7.6.0.jar:7.6.0]
	at org.elasticsearch.search.SearchService.executeQueryPhase(SearchService.java:351) ~[elasticsearch-7.6.0.jar:7.6.0]
	at org.elasticsearch.search.SearchService.lambda$executeQueryPhase$1(SearchService.java:343) ~[elasticsearch-7.6.0.jar:7.6.0]
	at org.elasticsearch.action.ActionListener.lambda$map$2(ActionListener.java:146) ~[elasticsearch-7.6.0.jar:7.6.0]
	at org.elasticsearch.action.ActionListener$1.onResponse(ActionListener.java:63) ~[elasticsearch-7.6.0.jar:7.6.0]
	... 9 more
